[DEBUG] 13:41:42.563 - [Finalizer] - o.a.p.i.ScratchFileBuffer - ScratchFileBuffer not closed!
[DEBUG] 13:41:42.569 - [Finalizer] - o.a.p.i.ScratchFileBuffer - ScratchFileBuffer not closed!
[DEBUG] 13:41:42.569 - [Finalizer] - o.a.p.i.ScratchFileBuffer - ScratchFileBuffer not closed!
[DEBUG] 13:41:42.569 - [Finalizer] - o.a.p.i.ScratchFileBuffer - ScratchFileBuffer not closed!
[DEBUG] 13:41:42.570 - [Finalizer] - o.a.p.i.ScratchFileBuffer - ScratchFileBuffer not closed!
[DEBUG] 13:41:42.570 - [Finalizer] - o.a.p.i.ScratchFileBuffer - ScratchFileBuffer not closed!
[DEBUG] 13:41:42.570 - [Finalizer] - o.a.p.i.ScratchFileBuffer - ScratchFileBuffer not closed!
[DEBUG] 13:41:42.570 - [Finalizer] - o.a.p.i.ScratchFileBuffer - ScratchFileBuffer not closed!
[DEBUG] 13:41:42.570 - [Finalizer] - o.a.p.i.ScratchFileBuffer - ScratchFileBuffer not closed!
[DEBUG] 13:41:42.570 - [Finalizer] - o.a.p.i.ScratchFileBuffer - ScratchFileBuffer not closed!
[DEBUG] 13:41:42.571 - [Finalizer] - o.a.p.i.ScratchFileBuffer - ScratchFileBuffer not closed!
[DEBUG] 13:41:42.571 - [Finalizer] - o.a.p.i.ScratchFileBuffer - ScratchFileBuffer not closed!
[DEBUG] 13:41:42.776 - [Finalizer] - o.a.p.i.ScratchFileBuffer - ScratchFileBuffer not closed!
[DEBUG] 13:41:42.776 - [Finalizer] - o.a.p.i.ScratchFileBuffer - ScratchFileBuffer not closed!
[DEBUG] 13:41:42.776 - [Finalizer] - o.a.p.i.ScratchFileBuffer - ScratchFileBuffer not closed!
[DEBUG] 13:41:42.776 - [Finalizer] - o.a.p.i.ScratchFileBuffer - ScratchFileBuffer not closed!
[DEBUG] 13:41:42.776 - [Finalizer] - o.a.p.i.ScratchFileBuffer - ScratchFileBuffer not closed!
[DEBUG] 13:41:42.776 - [Finalizer] - o.a.p.i.ScratchFileBuffer - ScratchFileBuffer not closed!
[DEBUG] 13:41:42.934 - [Finalizer] - o.a.p.i.ScratchFileBuffer - ScratchFileBuffer not closed!
[DEBUG] 13:41:42.934 - [Finalizer] - o.a.p.i.ScratchFileBuffer - ScratchFileBuffer not closed!
[DEBUG] 13:41:42.934 - [Finalizer] - o.a.p.i.ScratchFileBuffer - ScratchFileBuffer not closed!
[DEBUG] 13:41:42.934 - [Finalizer] - o.a.p.i.ScratchFileBuffer - ScratchFileBuffer not closed!
[DEBUG] 13:41:42.934 - [Finalizer] - o.a.p.i.ScratchFileBuffer - ScratchFileBuffer not closed!
[DEBUG] 13:41:42.938 - [Finalizer] - o.a.p.i.ScratchFileBuffer - ScratchFileBuffer not closed!
[DEBUG] 13:41:42.938 - [Finalizer] - o.a.p.i.ScratchFileBuffer - ScratchFileBuffer not closed!
[DEBUG] 13:41:42.938 - [Finalizer] - o.a.p.i.ScratchFileBuffer - ScratchFileBuffer not closed!
[DEBUG] 13:41:42.938 - [Finalizer] - o.a.p.i.ScratchFileBuffer - ScratchFileBuffer not closed!
[DEBUG] 13:41:42.939 - [Finalizer] - o.a.p.i.ScratchFileBuffer - ScratchFileBuffer not closed!
[DEBUG] 13:41:42.939 - [Finalizer] - o.a.p.i.ScratchFileBuffer - ScratchFileBuffer not closed!
[INFO ] 13:41:43.255 - [Thread-0] - d.f.k.f.Watchdog - Printed /tmp/toprint/sample.pdf
[INFO ] 13:41:43.258 - [Thread-0] - d.f.k.f.Watchdog - File /tmp/toprint/sample.pdf move to /tmp/watchdog-archive
[DEBUG] 13:48:04.317 - [Finalizer] - o.a.p.i.ScratchFileBuffer - ScratchFileBuffer not closed!
[DEBUG] 13:48:04.319 - [Finalizer] - o.a.p.i.ScratchFileBuffer - ScratchFileBuffer not closed!
[DEBUG] 13:48:04.319 - [Finalizer] - o.a.p.i.ScratchFileBuffer - ScratchFileBuffer not closed!
[DEBUG] 13:48:04.320 - [Finalizer] - o.a.p.i.ScratchFileBuffer - ScratchFileBuffer not closed!
[DEBUG] 13:48:04.320 - [Finalizer] - o.a.p.i.ScratchFileBuffer - ScratchFileBuffer not closed!
[DEBUG] 13:48:04.320 - [Finalizer] - o.a.p.i.ScratchFileBuffer - ScratchFileBuffer not closed!
[DEBUG] 13:48:04.320 - [Finalizer] - o.a.p.i.ScratchFileBuffer - ScratchFileBuffer not closed!
[DEBUG] 13:48:04.322 - [Finalizer] - o.a.p.i.ScratchFileBuffer - ScratchFileBuffer not closed!
[DEBUG] 13:48:04.322 - [Finalizer] - o.a.p.i.ScratchFileBuffer - ScratchFileBuffer not closed!
[DEBUG] 13:48:04.322 - [Finalizer] - o.a.p.i.ScratchFileBuffer - ScratchFileBuffer not closed!
[DEBUG] 13:48:04.322 - [Finalizer] - o.a.p.i.ScratchFileBuffer - ScratchFileBuffer not closed!
[DEBUG] 13:48:04.322 - [Finalizer] - o.a.p.i.ScratchFileBuffer - ScratchFileBuffer not closed!
[DEBUG] 13:48:04.531 - [Finalizer] - o.a.p.i.ScratchFileBuffer - ScratchFileBuffer not closed!
[DEBUG] 13:48:04.531 - [Finalizer] - o.a.p.i.ScratchFileBuffer - ScratchFileBuffer not closed!
[DEBUG] 13:48:04.531 - [Finalizer] - o.a.p.i.ScratchFileBuffer - ScratchFileBuffer not closed!
[DEBUG] 13:48:04.532 - [Finalizer] - o.a.p.i.ScratchFileBuffer - ScratchFileBuffer not closed!
[DEBUG] 13:48:04.532 - [Finalizer] - o.a.p.i.ScratchFileBuffer - ScratchFileBuffer not closed!
[DEBUG] 13:48:04.532 - [Finalizer] - o.a.p.i.ScratchFileBuffer - ScratchFileBuffer not closed!
[DEBUG] 13:48:04.697 - [Finalizer] - o.a.p.i.ScratchFileBuffer - ScratchFileBuffer not closed!
[DEBUG] 13:48:04.698 - [Finalizer] - o.a.p.i.ScratchFileBuffer - ScratchFileBuffer not closed!
[DEBUG] 13:48:04.698 - [Finalizer] - o.a.p.i.ScratchFileBuffer - ScratchFileBuffer not closed!
[DEBUG] 13:48:04.698 - [Finalizer] - o.a.p.i.ScratchFileBuffer - ScratchFileBuffer not closed!
[DEBUG] 13:48:04.698 - [Finalizer] - o.a.p.i.ScratchFileBuffer - ScratchFileBuffer not closed!
[DEBUG] 13:48:04.701 - [Finalizer] - o.a.p.i.ScratchFileBuffer - ScratchFileBuffer not closed!
[DEBUG] 13:48:04.701 - [Finalizer] - o.a.p.i.ScratchFileBuffer - ScratchFileBuffer not closed!
[DEBUG] 13:48:04.702 - [Finalizer] - o.a.p.i.ScratchFileBuffer - ScratchFileBuffer not closed!
[DEBUG] 13:48:04.702 - [Finalizer] - o.a.p.i.ScratchFileBuffer - ScratchFileBuffer not closed!
[DEBUG] 13:48:04.702 - [Finalizer] - o.a.p.i.ScratchFileBuffer - ScratchFileBuffer not closed!
[DEBUG] 13:48:04.702 - [Finalizer] - o.a.p.i.ScratchFileBuffer - ScratchFileBuffer not closed!
[DEBUG] 13:48:04.946 - [Finalizer] - o.a.p.i.ScratchFileBuffer - ScratchFileBuffer not closed!
[DEBUG] 13:48:04.946 - [Finalizer] - o.a.p.i.ScratchFileBuffer - ScratchFileBuffer not closed!
[DEBUG] 13:48:04.946 - [Finalizer] - o.a.p.i.ScratchFileBuffer - ScratchFileBuffer not closed!
[DEBUG] 13:48:04.946 - [Finalizer] - o.a.p.i.ScratchFileBuffer - ScratchFileBuffer not closed!
[DEBUG] 13:48:04.946 - [Finalizer] - o.a.p.i.ScratchFileBuffer - ScratchFileBuffer not closed!
[DEBUG] 13:48:04.946 - [Finalizer] - o.a.p.i.ScratchFileBuffer - ScratchFileBuffer not closed!
[DEBUG] 13:48:04.946 - [Finalizer] - o.a.p.i.ScratchFileBuffer - ScratchFileBuffer not closed!
[DEBUG] 13:48:04.946 - [Finalizer] - o.a.p.i.ScratchFileBuffer - ScratchFileBuffer not closed!
[DEBUG] 13:48:04.947 - [Finalizer] - o.a.p.i.ScratchFileBuffer - ScratchFileBuffer not closed!
[DEBUG] 13:48:04.947 - [Finalizer] - o.a.p.i.ScratchFileBuffer - ScratchFileBuffer not closed!
[DEBUG] 13:48:04.947 - [Finalizer] - o.a.p.i.ScratchFileBuffer - ScratchFileBuffer not closed!
[DEBUG] 13:48:04.947 - [Finalizer] - o.a.p.i.ScratchFileBuffer - ScratchFileBuffer not closed!
[DEBUG] 13:48:04.947 - [Finalizer] - o.a.p.i.ScratchFileBuffer - ScratchFileBuffer not closed!
[INFO ] 13:48:05.014 - [Thread-0] - d.f.k.f.Watchdog - Printed /tmp/toprint/sample.pdf
[INFO ] 13:48:05.022 - [Thread-0] - d.f.k.f.Watchdog - File /tmp/toprint/sample.pdf move to /tmp/watchdog-archive
[INFO ] 13:51:20.731 - [main] - d.f.k.f.Faxprinter - Printer HP-LaserJet-P3010
[INFO ] 13:51:20.734 - [main] - d.f.k.f.Faxprinter - Printer DYMO-LabelWriter-450
[INFO ] 13:51:20.734 - [main] - d.f.k.f.Faxprinter - Printer HP-Photosmart-c309a
[INFO ] 13:51:20.734 - [main] - d.f.k.f.Faxprinter - Printer PDF
